# JRE version: Java(TM) SE Runtime Environment (25.0.1+8) (build 25.0.1+8-LTS-27)
# Java VM: Java HotSpot(TM) 64-Bit Server VM (25.0.1+8-LTS-27, mixed mode, sharing, tiered, compressed oops, compressed class ptrs, g1 gc, windows-amd64)
GC Precious Log:
 CardTable entry size: 512
 Card Set container configuration: InlinePtr #cards 5 size 8 Array Of Cards #cards 10 size 36 Howl #buckets 4 coarsen threshold 1843 Howl Bitmap #cards 512 size 80 coarsen threshold 460 Card regions per heap region 1 cards per card region 2048
 CPUs: 4 total, 4 available
 Memory: 3975M
 Large Page Support: Disabled
 NUMA Support: Disabled
 Compressed Oops: Enabled (32-bit)
 Heap Region Size: 1M
 Heap Min Capacity: 8M
 Heap Initial Capacity: 8M
 Heap Max Capacity: 994M
 Pre-touch: Disabled
 Parallel Workers: 4
 Concurrent Workers: 1
 Concurrent Refinement Workers: 4
 Periodic GC: Disabled
Heap:
 garbage-first heap   total reserved 1017856K, committed 25600K, used 10554K [0x00000000c1e00000, 0x0000000100000000)
  region size 1024K, 4 young (4096K), 1 survivors (1024K)
GC Heap Usage History (20 events):
Event: 1.490 {heap Before GC invocations=2 (full 0):
 garbage-first heap   total reserved 1017856K, committed 10240K, used 4845K [0x00000000c1e00000, 0x0000000100000000)
  region size 1024K, 3 young (3072K), 1 survivors (1024K)
}
Event: 1.494 {heap After GC invocations=3 (full 0):
 garbage-first heap   total reserved 1017856K, committed 10240K, used 3160K [0x00000000c1e00000, 0x0000000100000000)
  region size 1024K, 1 young (1024K), 1 survivors (1024K)
}
Event: 1.741 {heap Before GC invocations=4 (full 0):
 garbage-first heap   total reserved 1017856K, committed 10240K, used 5208K [0x00000000c1e00000, 0x0000000100000000)
  region size 1024K, 3 young (3072K), 1 survivors (1024K)
}
Event: 1.746 {heap After GC invocations=5 (full 0):
 garbage-first heap   total reserved 1017856K, committed 10240K, used 3677K [0x00000000c1e00000, 0x0000000100000000)
  region size 1024K, 1 young (1024K), 1 survivors (1024K)
}
Event: 1.906 {heap Before GC invocations=5 (full 0):
 garbage-first heap   total reserved 1017856K, committed 10240K, used 5725K [0x00000000c1e00000, 0x0000000100000000)
  region size 1024K, 3 young (3072K), 1 survivors (1024K)
}
Event: 1.915 {heap After GC invocations=6 (full 0):
 garbage-first heap   total reserved 1017856K, committed 10240K, used 4226K [0x00000000c1e00000, 0x0000000100000000)
  region size 1024K, 1 young (1024K), 1 survivors (1024K)
}
Event: 1.945 {heap Before GC invocations=6 (full 0):
 garbage-first heap   total reserved 1017856K, committed 10240K, used 6274K [0x00000000c1e00000, 0x0000000100000000)
  region size 1024K, 3 young (3072K), 1 survivors (1024K)
}
Event: 1.950 {heap After GC invocations=7 (full 0):
 garbage-first heap   total reserved 1017856K, committed 13312K, used 4711K [0x00000000c1e00000, 0x0000000100000000)
  region size 1024K, 1 young (1024K), 1 survivors (1024K)
}
Event: 2.010 {heap Before GC invocations=8 (full 0):
 garbage-first heap   total reserved 1017856K, committed 13312K, used 8807K [0x00000000c1e00000, 0x0000000100000000)
  region size 1024K, 5 young (5120K), 1 survivors (1024K)
}
Event: 2.014 {heap After GC invocations=9 (full 0):
 garbage-first heap   total reserved 1017856K, committed 13312K, used 5240K [0x00000000c1e00000, 0x0000000100000000)
  region size 1024K, 1 young (1024K), 1 survivors (1024K)
}
Event: 2.049 {heap Before GC invocations=9 (full 0):
 garbage-first heap   total reserved 1017856K, committed 13312K, used 9336K [0x00000000c1e00000, 0x0000000100000000)
  region size 1024K, 5 young (5120K), 1 survivors (1024K)
}
Event: 2.054 {heap After GC invocations=10 (full 0):
 garbage-first heap   total reserved 1017856K, committed 13312K, used 5873K [0x00000000c1e00000, 0x0000000100000000)
  region size 1024K, 1 young (1024K), 1 survivors (1024K)
}
Event: 2.131 {heap Before GC invocations=10 (full 0):
 garbage-first heap   total reserved 1017856K, committed 13312K, used 9969K [0x00000000c1e00000, 0x0000000100000000)
  region size 1024K, 5 young (5120K), 1 survivors (1024K)
}
Event: 2.135 {heap After GC invocations=11 (full 0):
 garbage-first heap   total reserved 1017856K, committed 13312K, used 6806K [0x00000000c1e00000, 0x0000000100000000)
  region size 1024K, 1 young (1024K), 1 survivors (1024K)
}
Event: 2.217 {heap Before GC invocations=11 (full 0):
 garbage-first heap   total reserved 1017856K, committed 13312K, used 9878K [0x00000000c1e00000, 0x0000000100000000)
  region size 1024K, 4 young (4096K), 1 survivors (1024K)
}
Event: 2.223 {heap After GC invocations=12 (full 0):
 garbage-first heap   total reserved 1017856K, committed 13312K, used 7340K [0x00000000c1e00000, 0x0000000100000000)
  region size 1024K, 1 young (1024K), 1 survivors (1024K)
}
Event: 2.351 {heap Before GC invocations=13 (full 0):
 garbage-first heap   total reserved 1017856K, committed 14336K, used 9388K [0x00000000c1e00000, 0x0000000100000000)
  region size 1024K, 4 young (4096K), 1 survivors (1024K)
}
Event: 2.356 {heap After GC invocations=14 (full 0):
 garbage-first heap   total reserved 1017856K, committed 14336K, used 7859K [0x00000000c1e00000, 0x0000000100000000)
  region size 1024K, 1 young (1024K), 1 survivors (1024K)
}
Event: 2.573 {heap Before GC invocations=14 (full 0):
 garbage-first heap   total reserved 1017856K, committed 14336K, used 11955K [0x00000000c1e00000, 0x0000000100000000)
  region size 1024K, 5 young (5120K), 1 survivors (1024K)
}
Event: 2.578 {heap After GC invocations=15 (full 0):
 garbage-first heap   total reserved 1017856K, committed 25600K, used 8506K [0x00000000c1e00000, 0x0000000100000000)
  region size 1024K, 1 young (1024K), 1 survivors (1024K)
}

