# JRE version: Java(TM) SE Runtime Environment (25.0.1+8) (build 25.0.1+8-LTS-27)
# Java VM: Java HotSpot(TM) 64-Bit Server VM (25.0.1+8-LTS-27, mixed mode, sharing, tiered, compressed oops, compressed class ptrs, g1 gc, windows-amd64)
GC Precious Log:
 CardTable entry size: 512
 Card Set container configuration: InlinePtr #cards 5 size 8 Array Of Cards #cards 10 size 36 Howl #buckets 4 coarsen threshold 1843 Howl Bitmap #cards 512 size 80 coarsen threshold 460 Card regions per heap region 1 cards per card region 2048
 CPUs: 4 total, 4 available
 Memory: 3975M
 Large Page Support: Disabled
 NUMA Support: Disabled
 Compressed Oops: Enabled (32-bit)
 Heap Region Size: 1M
 Heap Min Capacity: 8M
 Heap Initial Capacity: 8M
 Heap Max Capacity: 256M
 Pre-touch: Disabled
 Parallel Workers: 4
 Concurrent Workers: 1
 Concurrent Refinement Workers: 4
 Periodic GC: Disabled
Heap:
 garbage-first heap   total reserved 262144K, committed 28672K, used 9573K [0x00000000f0000000, 0x0000000100000000)
  region size 1024K, 3 young (3072K), 1 survivors (1024K)
GC Heap Usage History (20 events):
Event: 2.650 {heap Before GC invocations=1 (full 0):
 garbage-first heap   total reserved 262144K, committed 10240K, used 3301K [0x00000000f0000000, 0x0000000100000000)
  region size 1024K, 3 young (3072K), 1 survivors (1024K)
}
Event: 2.655 {heap After GC invocations=2 (full 0):
 garbage-first heap   total reserved 262144K, committed 10240K, used 2764K [0x00000000f0000000, 0x0000000100000000)
  region size 1024K, 1 young (1024K), 1 survivors (1024K)
}
Event: 2.865 {heap Before GC invocations=2 (full 0):
 garbage-first heap   total reserved 262144K, committed 10240K, used 4812K [0x00000000f0000000, 0x0000000100000000)
  region size 1024K, 3 young (3072K), 1 survivors (1024K)
}
Event: 2.868 {heap After GC invocations=3 (full 0):
 garbage-first heap   total reserved 262144K, committed 10240K, used 3176K [0x00000000f0000000, 0x0000000100000000)
  region size 1024K, 1 young (1024K), 1 survivors (1024K)
}
Event: 3.023 {heap Before GC invocations=3 (full 0):
 garbage-first heap   total reserved 262144K, committed 10240K, used 6248K [0x00000000f0000000, 0x0000000100000000)
  region size 1024K, 4 young (4096K), 1 survivors (1024K)
}
Event: 3.028 {heap After GC invocations=4 (full 0):
 garbage-first heap   total reserved 262144K, committed 10240K, used 3916K [0x00000000f0000000, 0x0000000100000000)
  region size 1024K, 1 young (1024K), 1 survivors (1024K)
}
Event: 3.109 {heap Before GC invocations=4 (full 0):
 garbage-first heap   total reserved 262144K, committed 10240K, used 5964K [0x00000000f0000000, 0x0000000100000000)
  region size 1024K, 3 young (3072K), 1 survivors (1024K)
}
Event: 3.115 {heap After GC invocations=5 (full 0):
 garbage-first heap   total reserved 262144K, committed 10240K, used 4524K [0x00000000f0000000, 0x0000000100000000)
  region size 1024K, 1 young (1024K), 1 survivors (1024K)
}
Event: 3.159 {heap Before GC invocations=6 (full 0):
 garbage-first heap   total reserved 262144K, committed 10240K, used 6572K [0x00000000f0000000, 0x0000000100000000)
  region size 1024K, 3 young (3072K), 1 survivors (1024K)
}
Event: 3.162 {heap After GC invocations=7 (full 0):
 garbage-first heap   total reserved 262144K, committed 10240K, used 4671K [0x00000000f0000000, 0x0000000100000000)
  region size 1024K, 1 young (1024K), 1 survivors (1024K)
}
Event: 3.192 {heap Before GC invocations=7 (full 0):
 garbage-first heap   total reserved 262144K, committed 10240K, used 6719K [0x00000000f0000000, 0x0000000100000000)
  region size 1024K, 3 young (3072K), 1 survivors (1024K)
}
Event: 3.196 {heap After GC invocations=8 (full 0):
 garbage-first heap   total reserved 262144K, committed 15360K, used 4975K [0x00000000f0000000, 0x0000000100000000)
  region size 1024K, 1 young (1024K), 1 survivors (1024K)
}
Event: 3.244 {heap Before GC invocations=8 (full 0):
 garbage-first heap   total reserved 262144K, committed 15360K, used 10095K [0x00000000f0000000, 0x0000000100000000)
  region size 1024K, 6 young (6144K), 1 survivors (1024K)
}
Event: 3.249 {heap After GC invocations=9 (full 0):
 garbage-first heap   total reserved 262144K, committed 15360K, used 5822K [0x00000000f0000000, 0x0000000100000000)
  region size 1024K, 1 young (1024K), 1 survivors (1024K)
}
Event: 3.326 {heap Before GC invocations=9 (full 0):
 garbage-first heap   total reserved 262144K, committed 15360K, used 10942K [0x00000000f0000000, 0x0000000100000000)
  region size 1024K, 6 young (6144K), 1 survivors (1024K)
}
Event: 3.332 {heap After GC invocations=10 (full 0):
 garbage-first heap   total reserved 262144K, committed 15360K, used 6870K [0x00000000f0000000, 0x0000000100000000)
  region size 1024K, 1 young (1024K), 1 survivors (1024K)
}
Event: 3.585 {heap Before GC invocations=10 (full 0):
 garbage-first heap   total reserved 262144K, committed 15360K, used 11990K [0x00000000f0000000, 0x0000000100000000)
  region size 1024K, 6 young (6144K), 1 survivors (1024K)
}
Event: 3.593 {heap After GC invocations=11 (full 0):
 garbage-first heap   total reserved 262144K, committed 15360K, used 7973K [0x00000000f0000000, 0x0000000100000000)
  region size 1024K, 1 young (1024K), 1 survivors (1024K)
}
Event: 4.169 {heap Before GC invocations=11 (full 0):
 garbage-first heap   total reserved 262144K, committed 15360K, used 11045K [0x00000000f0000000, 0x0000000100000000)
  region size 1024K, 5 young (5120K), 1 survivors (1024K)
}
Event: 4.178 {heap After GC invocations=12 (full 0):
 garbage-first heap   total reserved 262144K, committed 28672K, used 8549K [0x00000000f0000000, 0x0000000100000000)
  region size 1024K, 1 young (1024K), 1 survivors (1024K)
}

